生成启动时间为 2014/8/30 13:41:31。
     1>项目“H:\Projects\algorithm\algorithm\algorithm.vcxproj”在节点 2 上(build 个目标)。
     1>InitializeBuildStatus:
         正在创建“Debug\algorithm.unsuccessfulbuild”，因为已指定“AlwaysCreate”。
       ClCompile:
         G:\Microsoft Visual Studio 10.0\VC\bin\CL.exe /c /ZI /nologo /W3 /WX- /Od /Oy- /D _MBCS /Gm /EHsc /RTC1 /MDd /GS /fp:precise /Zc:wchar_t /Zc:forScope /Fo"Debug\\" /Fd"Debug\vc100.pdb" /Gd /TP /analyze- /errorReport:prompt int_to_str.cpp
         int_to_str.cpp
       Link:
         G:\Microsoft Visual Studio 10.0\VC\bin\link.exe /ERRORREPORT:PROMPT /OUT:"H:\Projects\algorithm\Debug\algorithm.exe" /NOLOGO kernel32.lib user32.lib gdi32.lib winspool.lib comdlg32.lib advapi32.lib shell32.lib ole32.lib oleaut32.lib uuid.lib odbc32.lib odbccp32.lib /MANIFEST /ManifestFile:"Debug\algorithm.exe.intermediate.manifest" /MANIFESTUAC:"level='asInvoker' uiAccess='false'" /DEBUG /PDB:"H:\Projects\algorithm\Debug\algorithm.pdb" /TLBID:1 /DYNAMICBASE /NXCOMPAT /IMPLIB:"H:\Projects\algorithm\Debug\algorithm.lib" /MACHINE:X86 Debug\1babicu.obj
         Debug\commonString.obj
         Debug\continumax.obj
         Debug\define.obj
         Debug\fenshu_sum.obj
         Debug\int_to_str.obj
         Debug\isReverseStr.obj
         Debug\longestSameChar.obj
         "Debug\longest_public _str.obj"
         Debug\main.obj
         Debug\print_graphic.obj
         Debug\quicksort.obj
         Debug\randnum.obj
         Debug\reverseStr.obj
         Debug\searchChar.obj
         Debug\strcat.obj
         Debug\strCmp.obj
         Debug\strcpy.obj
         Debug\str_to_int.obj
         Debug\substr_num.obj
         Debug\translator.obj
         Debug\UpperCase.obj
         LINK : 没有找到 H:\Projects\algorithm\Debug\algorithm.exe 或上一个增量链接没有生成它；正在执行完全链接
         algorithm.vcxproj -> H:\Projects\algorithm\Debug\algorithm.exe
       Manifest:
         C:\Program Files (x86)\Microsoft SDKs\Windows\v7.0A\bin\mt.exe /nologo /verbose /outputresource:"H:\Projects\algorithm\Debug\algorithm.exe;#1" /manifest Debug\algorithm.exe.intermediate.manifest
       FinalizeBuildStatus:
         正在删除文件“Debug\algorithm.unsuccessfulbuild”。
         正在对“Debug\algorithm.lastbuildstate”执行 Touch 任务。
     1>已完成生成项目“H:\Projects\algorithm\algorithm\algorithm.vcxproj”(build 个目标)的操作。

生成成功。

已用时间 00:00:03.26
