生成启动时间为 2014/10/5 15:39:33。
     1>项目“H:\Projects\C++Exercise\C++Exercise\C++Exercise.vcxproj”在节点 2 上(build 个目标)。
     1>InitializeBuildStatus:
         正在对“Debug\C++Exercise.unsuccessfulbuild”执行 Touch 任务。
       ClCompile:
         G:\Microsoft Visual Studio 10.0\VC\bin\CL.exe /c /ZI /nologo /W3 /WX- /Od /Oy- /D _MBCS /Gm /EHsc /RTC1 /MDd /GS /fp:precise /Zc:wchar_t /Zc:forScope /Fo"Debug\\" /Fd"Debug\vc100.pdb" /Gd /TP /analyze- /errorReport:prompt difference.cpp
         difference.cpp
       Link:
         G:\Microsoft Visual Studio 10.0\VC\bin\link.exe /ERRORREPORT:PROMPT /OUT:"H:\Projects\C++Exercise\Debug\C++Exercise.exe" /NOLOGO kernel32.lib user32.lib gdi32.lib winspool.lib comdlg32.lib advapi32.lib shell32.lib ole32.lib oleaut32.lib uuid.lib odbc32.lib odbccp32.lib /MANIFEST /ManifestFile:"Debug\C++Exercise.exe.intermediate.manifest" /MANIFESTUAC:"level='asInvoker' uiAccess='false'" /DEBUG /PDB:"H:\Projects\C++Exercise\Debug\C++Exercise.pdb" /TLBID:1 /DYNAMICBASE /NXCOMPAT /IMPLIB:"H:\Projects\C++Exercise\Debug\C++Exercise.lib" /MACHINE:X86 Debug\difference.obj
         Debug\goupstage.obj
         Debug\list.obj
         Debug\main.obj
         Debug\sum.obj
         LINK : 没有找到 H:\Projects\C++Exercise\Debug\C++Exercise.exe 或上一个增量链接没有生成它；正在执行完全链接
         C++Exercise.vcxproj -> H:\Projects\C++Exercise\Debug\C++Exercise.exe
       Manifest:
         C:\Program Files (x86)\Microsoft SDKs\Windows\v7.0A\bin\mt.exe /nologo /verbose /outputresource:"H:\Projects\C++Exercise\Debug\C++Exercise.exe;#1" /manifest Debug\C++Exercise.exe.intermediate.manifest
       FinalizeBuildStatus:
         正在删除文件“Debug\C++Exercise.unsuccessfulbuild”。
         正在对“Debug\C++Exercise.lastbuildstate”执行 Touch 任务。
     1>已完成生成项目“H:\Projects\C++Exercise\C++Exercise\C++Exercise.vcxproj”(build 个目标)的操作。

生成成功。

已用时间 00:00:03.77
