生成启动时间为 2014/9/9 21:59:09。
     1>项目“H:\Projects\C++program\C++program\C++program.vcxproj”在节点 2 上(build 个目标)。
     1>InitializeBuildStatus:
         正在创建“Debug\C++program.unsuccessfulbuild”，因为已指定“AlwaysCreate”。
       ClCompile:
         G:\Microsoft Visual Studio 10.0\VC\bin\CL.exe /c /ZI /nologo /W3 /WX- /Od /Oy- /D _MBCS /Gm /EHsc /RTC1 /MDd /GS /fp:precise /Zc:wchar_t /Zc:forScope /Fo"Debug\\" /Fd"Debug\vc100.pdb" /Gd /TP /analyze- /errorReport:prompt main.cpp
         main.cpp
       Link:
         G:\Microsoft Visual Studio 10.0\VC\bin\link.exe /ERRORREPORT:PROMPT /OUT:"H:\Projects\C++program\Debug\C++program.exe" /NOLOGO kernel32.lib user32.lib gdi32.lib winspool.lib comdlg32.lib advapi32.lib shell32.lib ole32.lib oleaut32.lib uuid.lib odbc32.lib odbccp32.lib /MANIFEST /ManifestFile:"Debug\C++program.exe.intermediate.manifest" /MANIFESTUAC:"level='asInvoker' uiAccess='false'" /DEBUG /PDB:"H:\Projects\C++program\Debug\C++program.pdb" /TLBID:1 /DYNAMICBASE /NXCOMPAT /IMPLIB:"H:\Projects\C++program\Debug\C++program.lib" /MACHINE:X86 Debug\binarysearch_norecursion.obj
         Debug\binarysearch_recursion.obj
         Debug\bubblesort.obj
         Debug\chooseSort.obj
         Debug\find_path.obj
         Debug\functionPtr.obj
         Debug\longeststr.obj
         Debug\main.obj
         Debug\print_graph.obj
         Debug\readfile.obj
         Debug\recursion1.obj
         Debug\shellSort.obj
         Debug\string.obj
         Debug\strcpy.obj
         Debug\swap.obj
         Debug\thread.obj
         LINK : 没有找到 H:\Projects\C++program\Debug\C++program.exe 或上一个增量链接没有生成它；正在执行完全链接
         C++program.vcxproj -> H:\Projects\C++program\Debug\C++program.exe
       Manifest:
         C:\Program Files (x86)\Microsoft SDKs\Windows\v7.0A\bin\mt.exe /nologo /verbose /outputresource:"H:\Projects\C++program\Debug\C++program.exe;#1" /manifest Debug\C++program.exe.intermediate.manifest
       FinalizeBuildStatus:
         正在删除文件“Debug\C++program.unsuccessfulbuild”。
         正在对“Debug\C++program.lastbuildstate”执行 Touch 任务。
     1>已完成生成项目“H:\Projects\C++program\C++program\C++program.vcxproj”(build 个目标)的操作。

生成成功。

已用时间 00:00:05.34
