生成启动时间为 2014/10/2 12:38:17。
     1>项目“H:\Projects\MP3\MP3\MP3.vcxproj”在节点 2 上(build 个目标)。
     1>InitializeBuildStatus:
         正在创建“Debug\MP3.unsuccessfulbuild”，因为已指定“AlwaysCreate”。
       ClCompile:
         G:\Microsoft Visual Studio 10.0\VC\bin\CL.exe /c /ZI /nologo /W3 /WX- /Od /Oy- /D _MBCS /Gm /EHsc /RTC1 /MDd /GS /fp:precise /Zc:wchar_t /Zc:forScope /Fo"Debug\\" /Fd"Debug\vc100.pdb" /Gd /TP /analyze- /errorReport:prompt "..\..\..\课程\案例分析与软件设计\课程大作业\MainMp3\MCI音乐播放器\mci.cpp" "..\..\..\课程\案例分析与软件设计\课程大作业\MainMp3\MCI音乐播放器\playLog.cpp"
         playLog.cpp
         mci.cpp
         正在生成代码...
       Link:
         G:\Microsoft Visual Studio 10.0\VC\bin\link.exe /ERRORREPORT:PROMPT /OUT:"H:\Projects\MP3\Debug\MP3.exe" /NOLOGO kernel32.lib user32.lib gdi32.lib winspool.lib comdlg32.lib advapi32.lib shell32.lib ole32.lib oleaut32.lib uuid.lib odbc32.lib odbccp32.lib /MANIFEST /ManifestFile:"Debug\MP3.exe.intermediate.manifest" /MANIFESTUAC:"level='asInvoker' uiAccess='false'" /DEBUG /PDB:"H:\Projects\MP3\Debug\MP3.pdb" /TLBID:1 /DYNAMICBASE /NXCOMPAT /IMPLIB:"H:\Projects\MP3\Debug\MP3.lib" /MACHINE:X86 Debug\main.obj
         Debug\mci.obj
         Debug\playLog.obj
         Debug\readMp3File.obj
         Debug\thread.obj
         Debug\ui.obj
         LINK : 没有找到 H:\Projects\MP3\Debug\MP3.exe 或上一个增量链接没有生成它；正在执行完全链接
         MP3.vcxproj -> H:\Projects\MP3\Debug\MP3.exe
       Manifest:
         C:\Program Files (x86)\Microsoft SDKs\Windows\v7.0A\bin\mt.exe /nologo /verbose /outputresource:"H:\Projects\MP3\Debug\MP3.exe;#1" /manifest Debug\MP3.exe.intermediate.manifest
       FinalizeBuildStatus:
         正在删除文件“Debug\MP3.unsuccessfulbuild”。
         正在对“Debug\MP3.lastbuildstate”执行 Touch 任务。
     1>已完成生成项目“H:\Projects\MP3\MP3\MP3.vcxproj”(build 个目标)的操作。

生成成功。

已用时间 00:00:03.93
