生成启动时间为 2014/9/14 20:00:10。
     1>项目“H:\Projects\华为机试\华为机试\华为机试.vcxproj”在节点 2 上(build 个目标)。
     1>InitializeBuildStatus:
         正在创建“Debug\华为机试.unsuccessfulbuild”，因为已指定“AlwaysCreate”。
       ClCompile:
         G:\Microsoft Visual Studio 10.0\VC\bin\CL.exe /c /ZI /nologo /W3 /WX- /Od /Oy- /D _UNICODE /D UNICODE /Gm /EHsc /RTC1 /MDd /GS /fp:precise /Zc:wchar_t /Zc:forScope /Fo"Debug\\" /Fd"Debug\vc100.pdb" /Gd /TP /analyze- /errorReport:prompt main.cpp
         main.cpp
     1>h:\projects\华为机试\华为机试\main.cpp(9): warning C4101: “ch”: 未引用的局部变量
       Link:
         G:\Microsoft Visual Studio 10.0\VC\bin\link.exe /ERRORREPORT:PROMPT /OUT:"H:\Projects\华为机试\Debug\华为机试.exe" /NOLOGO kernel32.lib user32.lib gdi32.lib winspool.lib comdlg32.lib advapi32.lib shell32.lib ole32.lib oleaut32.lib uuid.lib odbc32.lib odbccp32.lib /MANIFEST /ManifestFile:"Debug\华为机试.exe.intermediate.manifest" /MANIFESTUAC:"level='asInvoker' uiAccess='false'" /DEBUG /PDB:"H:\Projects\华为机试\Debug\华为机试.pdb" /TLBID:1 /DYNAMICBASE /NXCOMPAT /IMPLIB:"H:\Projects\华为机试\Debug\华为机试.lib" /MACHINE:X86 Debug\column_min.obj
         Debug\grade_line.obj
         Debug\light_buble.obj
         Debug\main.obj
         Debug\num_have_23.obj
         Debug\pipeikuohao.obj
         LINK : 没有找到 H:\Projects\华为机试\Debug\华为机试.exe 或上一个增量链接没有生成它；正在执行完全链接
         华为机试.vcxproj -> H:\Projects\华为机试\Debug\华为机试.exe
       Manifest:
         C:\Program Files (x86)\Microsoft SDKs\Windows\v7.0A\bin\mt.exe /nologo /verbose /outputresource:"H:\Projects\华为机试\Debug\华为机试.exe;#1" /manifest "Debug\华为机试.exe.intermediate.manifest"
       FinalizeBuildStatus:
         正在删除文件“Debug\华为机试.unsuccessfulbuild”。
         正在对“Debug\华为机试.lastbuildstate”执行 Touch 任务。
     1>已完成生成项目“H:\Projects\华为机试\华为机试\华为机试.vcxproj”(build 个目标)的操作。

生成成功。

已用时间 00:00:03.58
