生成启动时间为 2014/8/22 15:53:18。
     1>项目“H:\Projects\DesignPartern\DesignPartern\DesignPartern.vcxproj”在节点 2 上(build 个目标)。
     1>InitializeBuildStatus:
         正在创建“Debug\DesignPartern.unsuccessfulbuild”，因为已指定“AlwaysCreate”。
       ClCompile:
         G:\Microsoft Visual Studio 10.0\VC\bin\CL.exe /c /ZI /nologo /W3 /WX- /Od /Oy- /D _MBCS /Gm /EHsc /RTC1 /MDd /GS /fp:precise /Zc:wchar_t /Zc:forScope /Fo"Debug\\" /Fd"Debug\vc100.pdb" /Gd /TP /analyze- /errorReport:prompt Prototype.cpp
         Prototype.cpp
     1>h:\projects\designpartern\designpartern\prototype.cpp(16): warning C4996: 'strcpy': This function or variable may be unsafe. Consider using strcpy_s instead. To disable deprecation, use _CRT_SECURE_NO_WARNINGS. See online help for details.
                 g:\microsoft visual studio 10.0\vc\include\string.h(105) : 参见“strcpy”的声明
     1>h:\projects\designpartern\designpartern\prototype.cpp(17): warning C4996: 'strcpy': This function or variable may be unsafe. Consider using strcpy_s instead. To disable deprecation, use _CRT_SECURE_NO_WARNINGS. See online help for details.
                 g:\microsoft visual studio 10.0\vc\include\string.h(105) : 参见“strcpy”的声明
     1>h:\projects\designpartern\designpartern\prototype.cpp(23): warning C4996: 'strcpy': This function or variable may be unsafe. Consider using strcpy_s instead. To disable deprecation, use _CRT_SECURE_NO_WARNINGS. See online help for details.
                 g:\microsoft visual studio 10.0\vc\include\string.h(105) : 参见“strcpy”的声明
     1>h:\projects\designpartern\designpartern\prototype.cpp(24): warning C4996: 'strcpy': This function or variable may be unsafe. Consider using strcpy_s instead. To disable deprecation, use _CRT_SECURE_NO_WARNINGS. See online help for details.
                 g:\microsoft visual studio 10.0\vc\include\string.h(105) : 参见“strcpy”的声明
     1>h:\projects\designpartern\designpartern\prototype.cpp(39): warning C4996: 'strcpy': This function or variable may be unsafe. Consider using strcpy_s instead. To disable deprecation, use _CRT_SECURE_NO_WARNINGS. See online help for details.
                 g:\microsoft visual studio 10.0\vc\include\string.h(105) : 参见“strcpy”的声明
     1>h:\projects\designpartern\designpartern\prototype.cpp(40): warning C4996: 'strcpy': This function or variable may be unsafe. Consider using strcpy_s instead. To disable deprecation, use _CRT_SECURE_NO_WARNINGS. See online help for details.
                 g:\microsoft visual studio 10.0\vc\include\string.h(105) : 参见“strcpy”的声明
     1>h:\projects\designpartern\designpartern\prototype.cpp(46): warning C4996: 'strcpy': This function or variable may be unsafe. Consider using strcpy_s instead. To disable deprecation, use _CRT_SECURE_NO_WARNINGS. See online help for details.
                 g:\microsoft visual studio 10.0\vc\include\string.h(105) : 参见“strcpy”的声明
     1>h:\projects\designpartern\designpartern\prototype.cpp(47): warning C4996: 'strcpy': This function or variable may be unsafe. Consider using strcpy_s instead. To disable deprecation, use _CRT_SECURE_NO_WARNINGS. See online help for details.
                 g:\microsoft visual studio 10.0\vc\include\string.h(105) : 参见“strcpy”的声明
       Link:
         G:\Microsoft Visual Studio 10.0\VC\bin\link.exe /ERRORREPORT:PROMPT /OUT:"H:\Projects\DesignPartern\Debug\DesignPartern.exe" /NOLOGO kernel32.lib user32.lib gdi32.lib winspool.lib comdlg32.lib advapi32.lib shell32.lib ole32.lib oleaut32.lib uuid.lib odbc32.lib odbccp32.lib /MANIFEST /ManifestFile:"Debug\DesignPartern.exe.intermediate.manifest" /MANIFESTUAC:"level='asInvoker' uiAccess='false'" /DEBUG /PDB:"H:\Projects\DesignPartern\Debug\DesignPartern.pdb" /TLBID:1 /DYNAMICBASE /NXCOMPAT /IMPLIB:"H:\Projects\DesignPartern\Debug\DesignPartern.lib" /MACHINE:X86 Debug\Prototype.obj
         LINK : 没有找到 H:\Projects\DesignPartern\Debug\DesignPartern.exe 或上一个增量链接没有生成它；正在执行完全链接
         DesignPartern.vcxproj -> H:\Projects\DesignPartern\Debug\DesignPartern.exe
       Manifest:
         C:\Program Files (x86)\Microsoft SDKs\Windows\v7.0A\bin\mt.exe /nologo /verbose /outputresource:"H:\Projects\DesignPartern\Debug\DesignPartern.exe;#1" /manifest Debug\DesignPartern.exe.intermediate.manifest
       FinalizeBuildStatus:
         正在删除文件“Debug\DesignPartern.unsuccessfulbuild”。
         正在对“Debug\DesignPartern.lastbuildstate”执行 Touch 任务。
     1>已完成生成项目“H:\Projects\DesignPartern\DesignPartern\DesignPartern.vcxproj”(build 个目标)的操作。

生成成功。

已用时间 00:00:03.12
